Build started 4/20/2012 9:03:19 PM.
     1>Project "E:\580 3D graphics & Rendering\S3D\trunk\CS580FinalProj.vcxproj" on node 2 (build target(s)).
     1>InitializeBuildStatus:
         Creating ".\Debug\CS580FinalProj.unsuccessfulbuild" because "AlwaysCreate" was specified.
       ClCompile:
         All outputs are up-to-date.
         C:\Program Files (x86)\Microsoft Visual Studio 10.0\VC\bin\CL.exe /c /ZI /nologo /W3 /WX- /Od /Oy- /D WIN32 /D _DEBUG /D _WINDOWS /D _VC80_UPGRADE=0x0600 /D _MBCS /D _AFXDLL /Gm /EHsc /RTC1 /MDd /GS /Gy- /fp:precise /Zc:wchar_t /Zc:forScope /Yu"stdafx.h" /Fp".\Debug\CS580HW5.pch" /Fo".\Debug\\" /Fd".\Debug\vc100.pdb" /Gd /TP /analyze- /errorReport:prompt rend.cpp
     1>cl : Command line warning D9028: minimal rebuild failure, reverting to normal build
         rend.cpp
     1>e:\580 3d graphics & rendering\s3d\trunk\rend.cpp(222): warning C4305: 'initializing' : truncation from 'double' to 'float'
     1>e:\580 3d graphics & rendering\s3d\trunk\rend.cpp(222): warning C4305: 'initializing' : truncation from 'double' to 'float'
     1>e:\580 3d graphics & rendering\s3d\trunk\rend.cpp(222): warning C4305: 'initializing' : truncation from 'double' to 'float'
     1>e:\580 3d graphics & rendering\s3d\trunk\rend.cpp(223): warning C4305: 'initializing' : truncation from 'double' to 'float'
     1>e:\580 3d graphics & rendering\s3d\trunk\rend.cpp(223): warning C4305: 'initializing' : truncation from 'double' to 'float'
     1>e:\580 3d graphics & rendering\s3d\trunk\rend.cpp(224): warning C4305: 'initializing' : truncation from 'double' to 'float'
     1>e:\580 3d graphics & rendering\s3d\trunk\rend.cpp(224): warning C4305: 'initializing' : truncation from 'double' to 'float'
     1>e:\580 3d graphics & rendering\s3d\trunk\rend.cpp(224): warning C4305: 'initializing' : truncation from 'double' to 'float'
     1>e:\580 3d graphics & rendering\s3d\trunk\rend.cpp(1091): warning C4244: 'return' : conversion from 'float' to 'int', possible loss of data
     1>e:\580 3d graphics & rendering\s3d\trunk\rend.cpp(1439): warning C4996: 'fopen': This function or variable may be unsafe. Consider using fopen_s instead. To disable deprecation, use _CRT_SECURE_NO_WARNINGS. See online help for details.
                 c:\program files (x86)\microsoft visual studio 10.0\vc\include\stdio.h(234) : see declaration of 'fopen'
     1>e:\580 3d graphics & rendering\s3d\trunk\rend.cpp(1445): warning C4996: 'fscanf': This function or variable may be unsafe. Consider using fscanf_s instead. To disable deprecation, use _CRT_SECURE_NO_WARNINGS. See online help for details.
                 c:\program files (x86)\microsoft visual studio 10.0\vc\include\stdio.h(253) : see declaration of 'fscanf'
     1>e:\580 3d graphics & rendering\s3d\trunk\rend.cpp(1696): warning C4305: '-=' : truncation from 'double' to 'float'
     1>e:\580 3d graphics & rendering\s3d\trunk\rend.cpp(1697): warning C4305: '-=' : truncation from 'double' to 'float'
     1>e:\580 3d graphics & rendering\s3d\trunk\rend.cpp(1698): warning C4305: '+=' : truncation from 'double' to 'float'
     1>e:\580 3d graphics & rendering\s3d\trunk\rend.cpp(1699): warning C4305: '+=' : truncation from 'double' to 'float'
     1>e:\580 3d graphics & rendering\s3d\trunk\rend.cpp(2426): warning C4244: 'initializing' : conversion from 'int' to 'float', possible loss of data
     1>e:\580 3d graphics & rendering\s3d\trunk\rend.cpp(2438): warning C4244: 'initializing' : conversion from 'int' to 'float', possible loss of data
     1>e:\580 3d graphics & rendering\s3d\trunk\rend.cpp(2452): warning C4244: 'initializing' : conversion from 'int' to 'float', possible loss of data
     1>e:\580 3d graphics & rendering\s3d\trunk\rend.cpp(2465): warning C4244: 'initializing' : conversion from 'int' to 'float', possible loss of data
     1>e:\580 3d graphics & rendering\s3d\trunk\rend.cpp(2480): warning C4244: 'initializing' : conversion from 'int' to 'float', possible loss of data
     1>e:\580 3d graphics & rendering\s3d\trunk\rend.cpp(2492): warning C4244: 'initializing' : conversion from 'int' to 'float', possible loss of data
     1>e:\580 3d graphics & rendering\s3d\trunk\rend.cpp(2507): warning C4244: 'initializing' : conversion from 'int' to 'float', possible loss of data
     1>e:\580 3d graphics & rendering\s3d\trunk\rend.cpp(2520): warning C4244: 'initializing' : conversion from 'int' to 'float', possible loss of data
     1>c:\program files (x86)\microsoft visual studio 10.0\vc\include\xutility(2227): warning C4996: 'std::_Copy_impl': Function call with parameters that may be unsafe - this call relies on the caller to check that the passed values are correct. To disable this warning, use -D_SCL_SECURE_NO_WARNINGS. See documentation on how to use Visual C++ 'Checked Iterators'
                 c:\program files (x86)\microsoft visual studio 10.0\vc\include\xutility(2212) : see declaration of 'std::_Copy_impl'
                 e:\580 3d graphics & rendering\s3d\trunk\rend.cpp(339) : see reference to function template instantiation '_OutIt std::copy<float*,float*>(_InIt,_InIt,_OutIt)' being compiled
                 with
                 [
                     _OutIt=float *,
                     _InIt=float *
                 ]
     1>c:\program files (x86)\microsoft visual studio 10.0\vc\include\xutility(2227): warning C4996: 'std::_Copy_impl': Function call with parameters that may be unsafe - this call relies on the caller to check that the passed values are correct. To disable this warning, use -D_SCL_SECURE_NO_WARNINGS. See documentation on how to use Visual C++ 'Checked Iterators'
                 c:\program files (x86)\microsoft visual studio 10.0\vc\include\xutility(2212) : see declaration of 'std::_Copy_impl'
                 e:\580 3d graphics & rendering\s3d\trunk\rend.cpp(1133) : see reference to function template instantiation '_OutIt std::copy<const float*,float*>(_InIt,_InIt,_OutIt)' being compiled
                 with
                 [
                     _OutIt=float *,
                     _InIt=const float *
                 ]
       ResourceCompile:
         All outputs are up-to-date.
       ManifestResourceCompile:
         All outputs are up-to-date.
       Link:
         C:\Program Files (x86)\Microsoft Visual Studio 10.0\VC\bin\link.exe /ERRORREPORT:PROMPT /OUT:".\Debug\CS580FinalProj.exe" /INCREMENTAL /NOLOGO /MANIFEST /ManifestFile:".\Debug\CS580FinalProj.exe.intermediate.manifest" /MANIFESTUAC:"level='asInvoker' uiAccess='false'" /DEBUG /PDB:"E:\580 3D graphics & Rendering\S3D\trunk\Debug\CS580FinalProj.pdb" /SUBSYSTEM:WINDOWS /TLBID:1 /DYNAMICBASE /NXCOMPAT /IMPLIB:".\Debug\CS580FinalProj.lib" /MACHINE:X86 .\Debug\CS580HW.res
         .\Debug\CS580FinalProj.exe.embed.manifest.res
         .\Debug\Application.obj
         .\Debug\ApplicationFinal.obj
         .\Debug\CS580HW.obj
         .\Debug\CS580HWDoc.obj
         .\Debug\CS580HWView.obj
         .\Debug\disp.obj
         .\Debug\MainFrm.obj
         .\Debug\rend.obj
         .\Debug\RotateDlg.obj
         .\Debug\ScaleDlg.obj
         .\Debug\StdAfx.obj
         .\Debug\tex_fun.obj
         .\Debug\TranslateDlg.obj
     1>LINK : fatal error LNK1168: cannot open .\Debug\CS580FinalProj.exe for writing
     1>Done Building Project "E:\580 3D graphics & Rendering\S3D\trunk\CS580FinalProj.vcxproj" (build target(s)) -- FAILED.

Build FAILED.

Time Elapsed 00:00:01.06
